2019-04-27 09:05:01 上午 [Thread: main][ Class:org.apache.zookeeper.ZooKeeper >> Method: org.apache.zookeeper.Environment.logEnv(Environment.java:100) ]
INFO:Client environment:zookeeper.version=3.4.10-39d3a4f269333c922ed3db283be479f9deacaa0f, built on 03/23/2017 10:13 GMT
2019-04-27 09:05:01 上午 [Thread: main][ Class:org.apache.zookeeper.ZooKeeper >> Method: org.apache.zookeeper.Environment.logEnv(Environment.java:100) ]
INFO:Client environment:host.name=PC-20170605CLVS
2019-04-27 09:05:01 上午 [Thread: main][ Class:org.apache.zookeeper.ZooKeeper >> Method: org.apache.zookeeper.Environment.logEnv(Environment.java:100) ]
INFO:Client environment:java.version=1.8.0_171
2019-04-27 09:05:01 上午 [Thread: main][ Class:org.apache.zookeeper.ZooKeeper >> Method: org.apache.zookeeper.Environment.logEnv(Environment.java:100) ]
INFO:Client environment:java.vendor=Oracle Corporation
2019-04-27 09:05:01 上午 [Thread: main][ Class:org.apache.zookeeper.ZooKeeper >> Method: org.apache.zookeeper.Environment.logEnv(Environment.java:100) ]
INFO:Client environment:java.home=C:\Program Files\Java\jdk1.8.0_171\jre
2019-04-27 09:05:01 上午 [Thread: main][ Class:org.apache.zookeeper.ZooKeeper >> Method: org.apache.zookeeper.Environment.logEnv(Environment.java:100) ]
INFO:Client environment:java.class.path=E:\zc-work\learn-workspace\ZookeeperDemo\target\test-classes;E:\zc-work\learn-workspace\ZookeeperDemo\target\classes;E:\software\spring-tool-suite-3.9.7.RELEASE-e4.10.0-win32-x86_64\sts-bundle\sts-3.9.7.RELEASE\plugins\org.junit_4.12.0.v201504281640\junit.jar;E:\software\spring-tool-suite-3.9.7.RELEASE-e4.10.0-win32-x86_64\sts-bundle\sts-3.9.7.RELEASE\plugins\org.hamcrest.core_1.3.0.v20180420-1519.jar;E:\zc-work\repo\junit\junit\4.12\junit-4.12.jar;E:\zc-work\repo\org\hamcrest\hamcrest-core\1.3\hamcrest-core-1.3.jar;E:\zc-work\repo\org\apache\logging\log4j\log4j-core\2.11.1\log4j-core-2.11.1.jar;E:\zc-work\repo\org\apache\logging\log4j\log4j-api\2.11.1\log4j-api-2.11.1.jar;E:\zc-work\repo\org\apache\zookeeper\zookeeper\3.4.10\zookeeper-3.4.10.jar;E:\zc-work\repo\org\slf4j\slf4j-api\1.6.1\slf4j-api-1.6.1.jar;E:\zc-work\repo\org\slf4j\slf4j-log4j12\1.6.1\slf4j-log4j12-1.6.1.jar;E:\zc-work\repo\log4j\log4j\1.2.16\log4j-1.2.16.jar;E:\zc-work\repo\jline\jline\0.9.94\jline-0.9.94.jar;E:\zc-work\repo\io\netty\netty\3.10.5.Final\netty-3.10.5.Final.jar;E:\software\spring-tool-suite-3.9.7.RELEASE-e4.10.0-win32-x86_64\sts-bundle\sts-3.9.7.RELEASE\configuration\org.eclipse.osgi\304\0\.cp;E:\software\spring-tool-suite-3.9.7.RELEASE-e4.10.0-win32-x86_64\sts-bundle\sts-3.9.7.RELEASE\configuration\org.eclipse.osgi\303\0\.cp
2019-04-27 09:05:01 上午 [Thread: main][ Class:org.apache.zookeeper.ZooKeeper >> Method: org.apache.zookeeper.Environment.logEnv(Environment.java:100) ]
INFO:Client environment:java.library.path=C:\Program Files\Java\jdk1.8.0_171\bin;C:\Windows\Sun\Java\bin;C:\Windows\system32;C:\Windows;C:/Program Files/Java/jdk1.8.0_171/bin/../jre/bin/server;C:/Program Files/Java/jdk1.8.0_171/bin/../jre/bin;C:/Program Files/Java/jdk1.8.0_171/bin/../jre/lib/amd64;E:\resouse\mysql\bin;C:\Program Files\Java\jdk1.8.0_171\bin;C:\Program Files (x86)\Common Files\Oracle\Java\javapath;C:\Windows\system32;C:\Windows;C:\Windows\System32\Wbem;C:\Windows\System32\WindowsPowerShell\v1.0\;C:\Program Files (x86)\NVIDIA Corporation\PhysX\Common;D:\QTSystem\;D:\SVN\bin;C:\Program Files\Java\apache-maven-3.5.3\bin;E:\resouse\mysql\bin;E:\software\spring-tool-suite-3.9.7.RELEASE-e4.10.0-win32-x86_64\sts-bundle\sts-3.9.7.RELEASE;;.
2019-04-27 09:05:01 上午 [Thread: main][ Class:org.apache.zookeeper.ZooKeeper >> Method: org.apache.zookeeper.Environment.logEnv(Environment.java:100) ]
INFO:Client environment:java.io.tmpdir=C:\Users\ADMINI~1\AppData\Local\Temp\
2019-04-27 09:05:01 上午 [Thread: main][ Class:org.apache.zookeeper.ZooKeeper >> Method: org.apache.zookeeper.Environment.logEnv(Environment.java:100) ]
INFO:Client environment:java.compiler=<NA>
2019-04-27 09:05:01 上午 [Thread: main][ Class:org.apache.zookeeper.ZooKeeper >> Method: org.apache.zookeeper.Environment.logEnv(Environment.java:100) ]
INFO:Client environment:os.name=Windows 7
2019-04-27 09:05:01 上午 [Thread: main][ Class:org.apache.zookeeper.ZooKeeper >> Method: org.apache.zookeeper.Environment.logEnv(Environment.java:100) ]
INFO:Client environment:os.arch=amd64
2019-04-27 09:05:01 上午 [Thread: main][ Class:org.apache.zookeeper.ZooKeeper >> Method: org.apache.zookeeper.Environment.logEnv(Environment.java:100) ]
INFO:Client environment:os.version=6.1
2019-04-27 09:05:01 上午 [Thread: main][ Class:org.apache.zookeeper.ZooKeeper >> Method: org.apache.zookeeper.Environment.logEnv(Environment.java:100) ]
INFO:Client environment:user.name=Administrator
2019-04-27 09:05:01 上午 [Thread: main][ Class:org.apache.zookeeper.ZooKeeper >> Method: org.apache.zookeeper.Environment.logEnv(Environment.java:100) ]
INFO:Client environment:user.home=C:\Users\Administrator
2019-04-27 09:05:01 上午 [Thread: main][ Class:org.apache.zookeeper.ZooKeeper >> Method: org.apache.zookeeper.Environment.logEnv(Environment.java:100) ]
INFO:Client environment:user.dir=E:\zc-work\learn-workspace\ZookeeperDemo
2019-04-27 09:05:01 上午 [Thread: main][ Class:org.apache.zookeeper.ZooKeeper >> Method: org.apache.zookeeper.ZooKeeper.<init>(ZooKeeper.java:438) ]
INFO:Initiating client connection, connectString=127.0.0.1:2181 sessionTimeout=2000 watcher=com.zk.demo.ZkTest$1@4c3e4790
2019-04-27 09:05:35 上午 [Thread: main][ Class:org.apache.zookeeper.ZooKeeper >> Method: org.apache.zookeeper.Environment.logEnv(Environment.java:100) ]
INFO:Client environment:zookeeper.version=3.4.10-39d3a4f269333c922ed3db283be479f9deacaa0f, built on 03/23/2017 10:13 GMT
2019-04-27 09:05:35 上午 [Thread: main][ Class:org.apache.zookeeper.ZooKeeper >> Method: org.apache.zookeeper.Environment.logEnv(Environment.java:100) ]
INFO:Client environment:host.name=PC-20170605CLVS
2019-04-27 09:05:35 上午 [Thread: main][ Class:org.apache.zookeeper.ZooKeeper >> Method: org.apache.zookeeper.Environment.logEnv(Environment.java:100) ]
INFO:Client environment:java.version=1.8.0_171
2019-04-27 09:05:35 上午 [Thread: main][ Class:org.apache.zookeeper.ZooKeeper >> Method: org.apache.zookeeper.Environment.logEnv(Environment.java:100) ]
INFO:Client environment:java.vendor=Oracle Corporation
2019-04-27 09:05:35 上午 [Thread: main][ Class:org.apache.zookeeper.ZooKeeper >> Method: org.apache.zookeeper.Environment.logEnv(Environment.java:100) ]
INFO:Client environment:java.home=C:\Program Files\Java\jdk1.8.0_171\jre
2019-04-27 09:05:35 上午 [Thread: main][ Class:org.apache.zookeeper.ZooKeeper >> Method: org.apache.zookeeper.Environment.logEnv(Environment.java:100) ]
INFO:Client environment:java.class.path=E:\zc-work\learn-workspace\ZookeeperDemo\target\test-classes;E:\zc-work\learn-workspace\ZookeeperDemo\target\classes;E:\software\spring-tool-suite-3.9.7.RELEASE-e4.10.0-win32-x86_64\sts-bundle\sts-3.9.7.RELEASE\plugins\org.junit_4.12.0.v201504281640\junit.jar;E:\software\spring-tool-suite-3.9.7.RELEASE-e4.10.0-win32-x86_64\sts-bundle\sts-3.9.7.RELEASE\plugins\org.hamcrest.core_1.3.0.v20180420-1519.jar;E:\zc-work\repo\junit\junit\4.12\junit-4.12.jar;E:\zc-work\repo\org\hamcrest\hamcrest-core\1.3\hamcrest-core-1.3.jar;E:\zc-work\repo\org\apache\logging\log4j\log4j-core\2.11.1\log4j-core-2.11.1.jar;E:\zc-work\repo\org\apache\logging\log4j\log4j-api\2.11.1\log4j-api-2.11.1.jar;E:\zc-work\repo\org\apache\zookeeper\zookeeper\3.4.10\zookeeper-3.4.10.jar;E:\zc-work\repo\org\slf4j\slf4j-api\1.6.1\slf4j-api-1.6.1.jar;E:\zc-work\repo\org\slf4j\slf4j-log4j12\1.6.1\slf4j-log4j12-1.6.1.jar;E:\zc-work\repo\log4j\log4j\1.2.16\log4j-1.2.16.jar;E:\zc-work\repo\jline\jline\0.9.94\jline-0.9.94.jar;E:\zc-work\repo\io\netty\netty\3.10.5.Final\netty-3.10.5.Final.jar;E:\software\spring-tool-suite-3.9.7.RELEASE-e4.10.0-win32-x86_64\sts-bundle\sts-3.9.7.RELEASE\configuration\org.eclipse.osgi\304\0\.cp;E:\software\spring-tool-suite-3.9.7.RELEASE-e4.10.0-win32-x86_64\sts-bundle\sts-3.9.7.RELEASE\configuration\org.eclipse.osgi\303\0\.cp
2019-04-27 09:05:35 上午 [Thread: main][ Class:org.apache.zookeeper.ZooKeeper >> Method: org.apache.zookeeper.Environment.logEnv(Environment.java:100) ]
INFO:Client environment:java.library.path=C:\Program Files\Java\jdk1.8.0_171\bin;C:\Windows\Sun\Java\bin;C:\Windows\system32;C:\Windows;C:/Program Files/Java/jdk1.8.0_171/bin/../jre/bin/server;C:/Program Files/Java/jdk1.8.0_171/bin/../jre/bin;C:/Program Files/Java/jdk1.8.0_171/bin/../jre/lib/amd64;E:\resouse\mysql\bin;C:\Program Files\Java\jdk1.8.0_171\bin;C:\Program Files (x86)\Common Files\Oracle\Java\javapath;C:\Windows\system32;C:\Windows;C:\Windows\System32\Wbem;C:\Windows\System32\WindowsPowerShell\v1.0\;C:\Program Files (x86)\NVIDIA Corporation\PhysX\Common;D:\QTSystem\;D:\SVN\bin;C:\Program Files\Java\apache-maven-3.5.3\bin;E:\resouse\mysql\bin;E:\software\spring-tool-suite-3.9.7.RELEASE-e4.10.0-win32-x86_64\sts-bundle\sts-3.9.7.RELEASE;;.
2019-04-27 09:05:35 上午 [Thread: main][ Class:org.apache.zookeeper.ZooKeeper >> Method: org.apache.zookeeper.Environment.logEnv(Environment.java:100) ]
INFO:Client environment:java.io.tmpdir=C:\Users\ADMINI~1\AppData\Local\Temp\
2019-04-27 09:05:35 上午 [Thread: main][ Class:org.apache.zookeeper.ZooKeeper >> Method: org.apache.zookeeper.Environment.logEnv(Environment.java:100) ]
INFO:Client environment:java.compiler=<NA>
2019-04-27 09:05:35 上午 [Thread: main][ Class:org.apache.zookeeper.ZooKeeper >> Method: org.apache.zookeeper.Environment.logEnv(Environment.java:100) ]
INFO:Client environment:os.name=Windows 7
2019-04-27 09:05:35 上午 [Thread: main][ Class:org.apache.zookeeper.ZooKeeper >> Method: org.apache.zookeeper.Environment.logEnv(Environment.java:100) ]
INFO:Client environment:os.arch=amd64
2019-04-27 09:05:35 上午 [Thread: main][ Class:org.apache.zookeeper.ZooKeeper >> Method: org.apache.zookeeper.Environment.logEnv(Environment.java:100) ]
INFO:Client environment:os.version=6.1
2019-04-27 09:05:35 上午 [Thread: main][ Class:org.apache.zookeeper.ZooKeeper >> Method: org.apache.zookeeper.Environment.logEnv(Environment.java:100) ]
INFO:Client environment:user.name=Administrator
2019-04-27 09:05:35 上午 [Thread: main][ Class:org.apache.zookeeper.ZooKeeper >> Method: org.apache.zookeeper.Environment.logEnv(Environment.java:100) ]
INFO:Client environment:user.home=C:\Users\Administrator
2019-04-27 09:05:35 上午 [Thread: main][ Class:org.apache.zookeeper.ZooKeeper >> Method: org.apache.zookeeper.Environment.logEnv(Environment.java:100) ]
INFO:Client environment:user.dir=E:\zc-work\learn-workspace\ZookeeperDemo
2019-04-27 09:05:35 上午 [Thread: main][ Class:org.apache.zookeeper.ZooKeeper >> Method: org.apache.zookeeper.ZooKeeper.<init>(ZooKeeper.java:438) ]
INFO:Initiating client connection, connectString=127.0.0.1:2181 sessionTimeout=2000 watcher=com.zk.demo.ZkTest$1@4c3e4790
2019-04-27 09:11:34 上午 [Thread: main][ Class:org.apache.zookeeper.ZooKeeper >> Method: org.apache.zookeeper.Environment.logEnv(Environment.java:100) ]
INFO:Client environment:zookeeper.version=3.4.10-39d3a4f269333c922ed3db283be479f9deacaa0f, built on 03/23/2017 10:13 GMT
2019-04-27 09:11:34 上午 [Thread: main][ Class:org.apache.zookeeper.ZooKeeper >> Method: org.apache.zookeeper.Environment.logEnv(Environment.java:100) ]
INFO:Client environment:host.name=PC-20170605CLVS
2019-04-27 09:11:34 上午 [Thread: main][ Class:org.apache.zookeeper.ZooKeeper >> Method: org.apache.zookeeper.Environment.logEnv(Environment.java:100) ]
INFO:Client environment:java.version=1.8.0_171
2019-04-27 09:11:34 上午 [Thread: main][ Class:org.apache.zookeeper.ZooKeeper >> Method: org.apache.zookeeper.Environment.logEnv(Environment.java:100) ]
INFO:Client environment:java.vendor=Oracle Corporation
2019-04-27 09:11:34 上午 [Thread: main][ Class:org.apache.zookeeper.ZooKeeper >> Method: org.apache.zookeeper.Environment.logEnv(Environment.java:100) ]
INFO:Client environment:java.home=C:\Program Files\Java\jdk1.8.0_171\jre
2019-04-27 09:11:34 上午 [Thread: main][ Class:org.apache.zookeeper.ZooKeeper >> Method: org.apache.zookeeper.Environment.logEnv(Environment.java:100) ]
INFO:Client environment:java.class.path=E:\zc-work\learn-workspace\ZookeeperDemo\target\test-classes;E:\zc-work\learn-workspace\ZookeeperDemo\target\classes;E:\software\spring-tool-suite-3.9.7.RELEASE-e4.10.0-win32-x86_64\sts-bundle\sts-3.9.7.RELEASE\plugins\org.junit_4.12.0.v201504281640\junit.jar;E:\software\spring-tool-suite-3.9.7.RELEASE-e4.10.0-win32-x86_64\sts-bundle\sts-3.9.7.RELEASE\plugins\org.hamcrest.core_1.3.0.v20180420-1519.jar;E:\zc-work\repo\junit\junit\4.12\junit-4.12.jar;E:\zc-work\repo\org\hamcrest\hamcrest-core\1.3\hamcrest-core-1.3.jar;E:\zc-work\repo\org\apache\logging\log4j\log4j-core\2.11.1\log4j-core-2.11.1.jar;E:\zc-work\repo\org\apache\logging\log4j\log4j-api\2.11.1\log4j-api-2.11.1.jar;E:\zc-work\repo\org\apache\zookeeper\zookeeper\3.4.10\zookeeper-3.4.10.jar;E:\zc-work\repo\org\slf4j\slf4j-api\1.6.1\slf4j-api-1.6.1.jar;E:\zc-work\repo\org\slf4j\slf4j-log4j12\1.6.1\slf4j-log4j12-1.6.1.jar;E:\zc-work\repo\log4j\log4j\1.2.16\log4j-1.2.16.jar;E:\zc-work\repo\jline\jline\0.9.94\jline-0.9.94.jar;E:\zc-work\repo\io\netty\netty\3.10.5.Final\netty-3.10.5.Final.jar;E:\software\spring-tool-suite-3.9.7.RELEASE-e4.10.0-win32-x86_64\sts-bundle\sts-3.9.7.RELEASE\configuration\org.eclipse.osgi\304\0\.cp;E:\software\spring-tool-suite-3.9.7.RELEASE-e4.10.0-win32-x86_64\sts-bundle\sts-3.9.7.RELEASE\configuration\org.eclipse.osgi\303\0\.cp
2019-04-27 09:11:34 上午 [Thread: main][ Class:org.apache.zookeeper.ZooKeeper >> Method: org.apache.zookeeper.Environment.logEnv(Environment.java:100) ]
INFO:Client environment:java.library.path=C:\Program Files\Java\jdk1.8.0_171\bin;C:\Windows\Sun\Java\bin;C:\Windows\system32;C:\Windows;C:/Program Files/Java/jdk1.8.0_171/bin/../jre/bin/server;C:/Program Files/Java/jdk1.8.0_171/bin/../jre/bin;C:/Program Files/Java/jdk1.8.0_171/bin/../jre/lib/amd64;E:\resouse\mysql\bin;C:\Program Files\Java\jdk1.8.0_171\bin;C:\Program Files (x86)\Common Files\Oracle\Java\javapath;C:\Windows\system32;C:\Windows;C:\Windows\System32\Wbem;C:\Windows\System32\WindowsPowerShell\v1.0\;C:\Program Files (x86)\NVIDIA Corporation\PhysX\Common;D:\QTSystem\;D:\SVN\bin;C:\Program Files\Java\apache-maven-3.5.3\bin;E:\resouse\mysql\bin;E:\software\spring-tool-suite-3.9.7.RELEASE-e4.10.0-win32-x86_64\sts-bundle\sts-3.9.7.RELEASE;;.
2019-04-27 09:11:34 上午 [Thread: main][ Class:org.apache.zookeeper.ZooKeeper >> Method: org.apache.zookeeper.Environment.logEnv(Environment.java:100) ]
INFO:Client environment:java.io.tmpdir=C:\Users\ADMINI~1\AppData\Local\Temp\
2019-04-27 09:11:34 上午 [Thread: main][ Class:org.apache.zookeeper.ZooKeeper >> Method: org.apache.zookeeper.Environment.logEnv(Environment.java:100) ]
INFO:Client environment:java.compiler=<NA>
2019-04-27 09:11:34 上午 [Thread: main][ Class:org.apache.zookeeper.ZooKeeper >> Method: org.apache.zookeeper.Environment.logEnv(Environment.java:100) ]
INFO:Client environment:os.name=Windows 7
2019-04-27 09:11:34 上午 [Thread: main][ Class:org.apache.zookeeper.ZooKeeper >> Method: org.apache.zookeeper.Environment.logEnv(Environment.java:100) ]
INFO:Client environment:os.arch=amd64
2019-04-27 09:11:34 上午 [Thread: main][ Class:org.apache.zookeeper.ZooKeeper >> Method: org.apache.zookeeper.Environment.logEnv(Environment.java:100) ]
INFO:Client environment:os.version=6.1
2019-04-27 09:11:34 上午 [Thread: main][ Class:org.apache.zookeeper.ZooKeeper >> Method: org.apache.zookeeper.Environment.logEnv(Environment.java:100) ]
INFO:Client environment:user.name=Administrator
2019-04-27 09:11:34 上午 [Thread: main][ Class:org.apache.zookeeper.ZooKeeper >> Method: org.apache.zookeeper.Environment.logEnv(Environment.java:100) ]
INFO:Client environment:user.home=C:\Users\Administrator
2019-04-27 09:11:34 上午 [Thread: main][ Class:org.apache.zookeeper.ZooKeeper >> Method: org.apache.zookeeper.Environment.logEnv(Environment.java:100) ]
INFO:Client environment:user.dir=E:\zc-work\learn-workspace\ZookeeperDemo
2019-04-27 09:11:34 上午 [Thread: main][ Class:org.apache.zookeeper.ZooKeeper >> Method: org.apache.zookeeper.ZooKeeper.<init>(ZooKeeper.java:438) ]
INFO:Initiating client connection, connectString=127.0.0.1:2181 sessionTimeout=2000 watcher=com.zk.demo.ZkTest$1@38cccef
2019-04-27 09:11:35 上午 [Thread: main-SendThread(127.0.0.1:2181)][ Class:org.apache.zookeeper.ClientCnxn >> Method: org.apache.zookeeper.ClientCnxn$SendThread.logStartConnect(ClientCnxn.java:1032) ]
INFO:Opening socket connection to server 127.0.0.1/127.0.0.1:2181. Will not attempt to authenticate using SASL (unknown error)
2019-04-27 09:11:35 上午 [Thread: main-SendThread(127.0.0.1:2181)][ Class:org.apache.zookeeper.ClientCnxn >> Method: org.apache.zookeeper.ClientCnxn$SendThread.primeConnection(ClientCnxn.java:876) ]
INFO:Socket connection established to 127.0.0.1/127.0.0.1:2181, initiating session
2019-04-27 09:11:35 上午 [Thread: main-SendThread(127.0.0.1:2181)][ Class:org.apache.zookeeper.ClientCnxn >> Method: org.apache.zookeeper.ClientCnxn$SendThread.onConnected(ClientCnxn.java:1299) ]
INFO:Session establishment complete on server 127.0.0.1/127.0.0.1:2181, sessionid = 0x100002aa24f0054, negotiated timeout = 4000
2019-04-27 09:13:56 上午 [Thread: main][ Class:org.apache.zookeeper.ZooKeeper >> Method: org.apache.zookeeper.Environment.logEnv(Environment.java:100) ]
INFO:Client environment:zookeeper.version=3.4.10-39d3a4f269333c922ed3db283be479f9deacaa0f, built on 03/23/2017 10:13 GMT
2019-04-27 09:13:56 上午 [Thread: main][ Class:org.apache.zookeeper.ZooKeeper >> Method: org.apache.zookeeper.Environment.logEnv(Environment.java:100) ]
INFO:Client environment:host.name=PC-20170605CLVS
2019-04-27 09:13:56 上午 [Thread: main][ Class:org.apache.zookeeper.ZooKeeper >> Method: org.apache.zookeeper.Environment.logEnv(Environment.java:100) ]
INFO:Client environment:java.version=1.8.0_171
2019-04-27 09:13:56 上午 [Thread: main][ Class:org.apache.zookeeper.ZooKeeper >> Method: org.apache.zookeeper.Environment.logEnv(Environment.java:100) ]
INFO:Client environment:java.vendor=Oracle Corporation
2019-04-27 09:13:56 上午 [Thread: main][ Class:org.apache.zookeeper.ZooKeeper >> Method: org.apache.zookeeper.Environment.logEnv(Environment.java:100) ]
INFO:Client environment:java.home=C:\Program Files\Java\jdk1.8.0_171\jre
2019-04-27 09:13:56 上午 [Thread: main][ Class:org.apache.zookeeper.ZooKeeper >> Method: org.apache.zookeeper.Environment.logEnv(Environment.java:100) ]
INFO:Client environment:java.class.path=E:\zc-work\learn-workspace\ZookeeperDemo\target\test-classes;E:\zc-work\learn-workspace\ZookeeperDemo\target\classes;E:\software\spring-tool-suite-3.9.7.RELEASE-e4.10.0-win32-x86_64\sts-bundle\sts-3.9.7.RELEASE\plugins\org.junit_4.12.0.v201504281640\junit.jar;E:\software\spring-tool-suite-3.9.7.RELEASE-e4.10.0-win32-x86_64\sts-bundle\sts-3.9.7.RELEASE\plugins\org.hamcrest.core_1.3.0.v20180420-1519.jar;E:\zc-work\repo\junit\junit\4.12\junit-4.12.jar;E:\zc-work\repo\org\hamcrest\hamcrest-core\1.3\hamcrest-core-1.3.jar;E:\zc-work\repo\org\apache\logging\log4j\log4j-core\2.11.1\log4j-core-2.11.1.jar;E:\zc-work\repo\org\apache\logging\log4j\log4j-api\2.11.1\log4j-api-2.11.1.jar;E:\zc-work\repo\org\apache\zookeeper\zookeeper\3.4.10\zookeeper-3.4.10.jar;E:\zc-work\repo\org\slf4j\slf4j-api\1.6.1\slf4j-api-1.6.1.jar;E:\zc-work\repo\org\slf4j\slf4j-log4j12\1.6.1\slf4j-log4j12-1.6.1.jar;E:\zc-work\repo\log4j\log4j\1.2.16\log4j-1.2.16.jar;E:\zc-work\repo\jline\jline\0.9.94\jline-0.9.94.jar;E:\zc-work\repo\io\netty\netty\3.10.5.Final\netty-3.10.5.Final.jar;E:\software\spring-tool-suite-3.9.7.RELEASE-e4.10.0-win32-x86_64\sts-bundle\sts-3.9.7.RELEASE\configuration\org.eclipse.osgi\304\0\.cp;E:\software\spring-tool-suite-3.9.7.RELEASE-e4.10.0-win32-x86_64\sts-bundle\sts-3.9.7.RELEASE\configuration\org.eclipse.osgi\303\0\.cp
2019-04-27 09:13:56 上午 [Thread: main][ Class:org.apache.zookeeper.ZooKeeper >> Method: org.apache.zookeeper.Environment.logEnv(Environment.java:100) ]
INFO:Client environment:java.library.path=C:\Program Files\Java\jdk1.8.0_171\bin;C:\Windows\Sun\Java\bin;C:\Windows\system32;C:\Windows;C:/Program Files/Java/jdk1.8.0_171/bin/../jre/bin/server;C:/Program Files/Java/jdk1.8.0_171/bin/../jre/bin;C:/Program Files/Java/jdk1.8.0_171/bin/../jre/lib/amd64;E:\resouse\mysql\bin;C:\Program Files\Java\jdk1.8.0_171\bin;C:\Program Files (x86)\Common Files\Oracle\Java\javapath;C:\Windows\system32;C:\Windows;C:\Windows\System32\Wbem;C:\Windows\System32\WindowsPowerShell\v1.0\;C:\Program Files (x86)\NVIDIA Corporation\PhysX\Common;D:\QTSystem\;D:\SVN\bin;C:\Program Files\Java\apache-maven-3.5.3\bin;E:\resouse\mysql\bin;E:\software\spring-tool-suite-3.9.7.RELEASE-e4.10.0-win32-x86_64\sts-bundle\sts-3.9.7.RELEASE;;.
2019-04-27 09:13:56 上午 [Thread: main][ Class:org.apache.zookeeper.ZooKeeper >> Method: org.apache.zookeeper.Environment.logEnv(Environment.java:100) ]
INFO:Client environment:java.io.tmpdir=C:\Users\ADMINI~1\AppData\Local\Temp\
2019-04-27 09:13:56 上午 [Thread: main][ Class:org.apache.zookeeper.ZooKeeper >> Method: org.apache.zookeeper.Environment.logEnv(Environment.java:100) ]
INFO:Client environment:java.compiler=<NA>
2019-04-27 09:13:56 上午 [Thread: main][ Class:org.apache.zookeeper.ZooKeeper >> Method: org.apache.zookeeper.Environment.logEnv(Environment.java:100) ]
INFO:Client environment:os.name=Windows 7
2019-04-27 09:13:56 上午 [Thread: main][ Class:org.apache.zookeeper.ZooKeeper >> Method: org.apache.zookeeper.Environment.logEnv(Environment.java:100) ]
INFO:Client environment:os.arch=amd64
2019-04-27 09:13:56 上午 [Thread: main][ Class:org.apache.zookeeper.ZooKeeper >> Method: org.apache.zookeeper.Environment.logEnv(Environment.java:100) ]
INFO:Client environment:os.version=6.1
2019-04-27 09:13:56 上午 [Thread: main][ Class:org.apache.zookeeper.ZooKeeper >> Method: org.apache.zookeeper.Environment.logEnv(Environment.java:100) ]
INFO:Client environment:user.name=Administrator
2019-04-27 09:13:56 上午 [Thread: main][ Class:org.apache.zookeeper.ZooKeeper >> Method: org.apache.zookeeper.Environment.logEnv(Environment.java:100) ]
INFO:Client environment:user.home=C:\Users\Administrator
2019-04-27 09:13:56 上午 [Thread: main][ Class:org.apache.zookeeper.ZooKeeper >> Method: org.apache.zookeeper.Environment.logEnv(Environment.java:100) ]
INFO:Client environment:user.dir=E:\zc-work\learn-workspace\ZookeeperDemo
2019-04-27 09:13:56 上午 [Thread: main][ Class:org.apache.zookeeper.ZooKeeper >> Method: org.apache.zookeeper.ZooKeeper.<init>(ZooKeeper.java:438) ]
INFO:Initiating client connection, connectString=127.0.0.1:2181 sessionTimeout=2000 watcher=com.zk.demo.ZkTest$1@38cccef
2019-04-27 09:13:56 上午 [Thread: main-SendThread(127.0.0.1:2181)][ Class:org.apache.zookeeper.ClientCnxn >> Method: org.apache.zookeeper.ClientCnxn$SendThread.logStartConnect(ClientCnxn.java:1032) ]
INFO:Opening socket connection to server 127.0.0.1/127.0.0.1:2181. Will not attempt to authenticate using SASL (unknown error)
2019-04-27 09:13:56 上午 [Thread: main-SendThread(127.0.0.1:2181)][ Class:org.apache.zookeeper.ClientCnxn >> Method: org.apache.zookeeper.ClientCnxn$SendThread.primeConnection(ClientCnxn.java:876) ]
INFO:Socket connection established to 127.0.0.1/127.0.0.1:2181, initiating session
2019-04-27 09:13:57 上午 [Thread: main-SendThread(127.0.0.1:2181)][ Class:org.apache.zookeeper.ClientCnxn >> Method: org.apache.zookeeper.ClientCnxn$SendThread.onConnected(ClientCnxn.java:1299) ]
INFO:Session establishment complete on server 127.0.0.1/127.0.0.1:2181, sessionid = 0x100002aa24f0055, negotiated timeout = 4000
2019-04-27 09:15:33 上午 [Thread: main][ Class:org.apache.zookeeper.ZooKeeper >> Method: org.apache.zookeeper.Environment.logEnv(Environment.java:100) ]
INFO:Client environment:zookeeper.version=3.4.10-39d3a4f269333c922ed3db283be479f9deacaa0f, built on 03/23/2017 10:13 GMT
2019-04-27 09:15:33 上午 [Thread: main][ Class:org.apache.zookeeper.ZooKeeper >> Method: org.apache.zookeeper.Environment.logEnv(Environment.java:100) ]
INFO:Client environment:host.name=PC-20170605CLVS
2019-04-27 09:15:33 上午 [Thread: main][ Class:org.apache.zookeeper.ZooKeeper >> Method: org.apache.zookeeper.Environment.logEnv(Environment.java:100) ]
INFO:Client environment:java.version=1.8.0_171
2019-04-27 09:15:33 上午 [Thread: main][ Class:org.apache.zookeeper.ZooKeeper >> Method: org.apache.zookeeper.Environment.logEnv(Environment.java:100) ]
INFO:Client environment:java.vendor=Oracle Corporation
2019-04-27 09:15:33 上午 [Thread: main][ Class:org.apache.zookeeper.ZooKeeper >> Method: org.apache.zookeeper.Environment.logEnv(Environment.java:100) ]
INFO:Client environment:java.home=C:\Program Files\Java\jdk1.8.0_171\jre
2019-04-27 09:15:33 上午 [Thread: main][ Class:org.apache.zookeeper.ZooKeeper >> Method: org.apache.zookeeper.Environment.logEnv(Environment.java:100) ]
INFO:Client environment:java.class.path=E:\zc-work\learn-workspace\ZookeeperDemo\target\test-classes;E:\zc-work\learn-workspace\ZookeeperDemo\target\classes;E:\software\spring-tool-suite-3.9.7.RELEASE-e4.10.0-win32-x86_64\sts-bundle\sts-3.9.7.RELEASE\plugins\org.junit_4.12.0.v201504281640\junit.jar;E:\software\spring-tool-suite-3.9.7.RELEASE-e4.10.0-win32-x86_64\sts-bundle\sts-3.9.7.RELEASE\plugins\org.hamcrest.core_1.3.0.v20180420-1519.jar;E:\zc-work\repo\junit\junit\4.12\junit-4.12.jar;E:\zc-work\repo\org\hamcrest\hamcrest-core\1.3\hamcrest-core-1.3.jar;E:\zc-work\repo\org\apache\logging\log4j\log4j-core\2.11.1\log4j-core-2.11.1.jar;E:\zc-work\repo\org\apache\logging\log4j\log4j-api\2.11.1\log4j-api-2.11.1.jar;E:\zc-work\repo\org\apache\zookeeper\zookeeper\3.4.10\zookeeper-3.4.10.jar;E:\zc-work\repo\org\slf4j\slf4j-api\1.6.1\slf4j-api-1.6.1.jar;E:\zc-work\repo\org\slf4j\slf4j-log4j12\1.6.1\slf4j-log4j12-1.6.1.jar;E:\zc-work\repo\log4j\log4j\1.2.16\log4j-1.2.16.jar;E:\zc-work\repo\jline\jline\0.9.94\jline-0.9.94.jar;E:\zc-work\repo\io\netty\netty\3.10.5.Final\netty-3.10.5.Final.jar;E:\software\spring-tool-suite-3.9.7.RELEASE-e4.10.0-win32-x86_64\sts-bundle\sts-3.9.7.RELEASE\configuration\org.eclipse.osgi\304\0\.cp;E:\software\spring-tool-suite-3.9.7.RELEASE-e4.10.0-win32-x86_64\sts-bundle\sts-3.9.7.RELEASE\configuration\org.eclipse.osgi\303\0\.cp
2019-04-27 09:15:33 上午 [Thread: main][ Class:org.apache.zookeeper.ZooKeeper >> Method: org.apache.zookeeper.Environment.logEnv(Environment.java:100) ]
INFO:Client environment:java.library.path=C:\Program Files\Java\jdk1.8.0_171\bin;C:\Windows\Sun\Java\bin;C:\Windows\system32;C:\Windows;C:/Program Files/Java/jdk1.8.0_171/bin/../jre/bin/server;C:/Program Files/Java/jdk1.8.0_171/bin/../jre/bin;C:/Program Files/Java/jdk1.8.0_171/bin/../jre/lib/amd64;E:\resouse\mysql\bin;C:\Program Files\Java\jdk1.8.0_171\bin;C:\Program Files (x86)\Common Files\Oracle\Java\javapath;C:\Windows\system32;C:\Windows;C:\Windows\System32\Wbem;C:\Windows\System32\WindowsPowerShell\v1.0\;C:\Program Files (x86)\NVIDIA Corporation\PhysX\Common;D:\QTSystem\;D:\SVN\bin;C:\Program Files\Java\apache-maven-3.5.3\bin;E:\resouse\mysql\bin;E:\software\spring-tool-suite-3.9.7.RELEASE-e4.10.0-win32-x86_64\sts-bundle\sts-3.9.7.RELEASE;;.
2019-04-27 09:15:33 上午 [Thread: main][ Class:org.apache.zookeeper.ZooKeeper >> Method: org.apache.zookeeper.Environment.logEnv(Environment.java:100) ]
INFO:Client environment:java.io.tmpdir=C:\Users\ADMINI~1\AppData\Local\Temp\
2019-04-27 09:15:33 上午 [Thread: main][ Class:org.apache.zookeeper.ZooKeeper >> Method: org.apache.zookeeper.Environment.logEnv(Environment.java:100) ]
INFO:Client environment:java.compiler=<NA>
2019-04-27 09:15:33 上午 [Thread: main][ Class:org.apache.zookeeper.ZooKeeper >> Method: org.apache.zookeeper.Environment.logEnv(Environment.java:100) ]
INFO:Client environment:os.name=Windows 7
2019-04-27 09:15:33 上午 [Thread: main][ Class:org.apache.zookeeper.ZooKeeper >> Method: org.apache.zookeeper.Environment.logEnv(Environment.java:100) ]
INFO:Client environment:os.arch=amd64
2019-04-27 09:15:33 上午 [Thread: main][ Class:org.apache.zookeeper.ZooKeeper >> Method: org.apache.zookeeper.Environment.logEnv(Environment.java:100) ]
INFO:Client environment:os.version=6.1
2019-04-27 09:15:33 上午 [Thread: main][ Class:org.apache.zookeeper.ZooKeeper >> Method: org.apache.zookeeper.Environment.logEnv(Environment.java:100) ]
INFO:Client environment:user.name=Administrator
2019-04-27 09:15:33 上午 [Thread: main][ Class:org.apache.zookeeper.ZooKeeper >> Method: org.apache.zookeeper.Environment.logEnv(Environment.java:100) ]
INFO:Client environment:user.home=C:\Users\Administrator
2019-04-27 09:15:33 上午 [Thread: main][ Class:org.apache.zookeeper.ZooKeeper >> Method: org.apache.zookeeper.Environment.logEnv(Environment.java:100) ]
INFO:Client environment:user.dir=E:\zc-work\learn-workspace\ZookeeperDemo
2019-04-27 09:15:33 上午 [Thread: main][ Class:org.apache.zookeeper.ZooKeeper >> Method: org.apache.zookeeper.ZooKeeper.<init>(ZooKeeper.java:438) ]
INFO:Initiating client connection, connectString=127.0.0.1:2181 sessionTimeout=2000 watcher=com.zk.demo.ZkTest$1@38cccef
2019-04-27 09:15:33 上午 [Thread: main-SendThread(127.0.0.1:2181)][ Class:org.apache.zookeeper.ClientCnxn >> Method: org.apache.zookeeper.ClientCnxn$SendThread.logStartConnect(ClientCnxn.java:1032) ]
INFO:Opening socket connection to server 127.0.0.1/127.0.0.1:2181. Will not attempt to authenticate using SASL (unknown error)
2019-04-27 09:15:33 上午 [Thread: main-SendThread(127.0.0.1:2181)][ Class:org.apache.zookeeper.ClientCnxn >> Method: org.apache.zookeeper.ClientCnxn$SendThread.primeConnection(ClientCnxn.java:876) ]
INFO:Socket connection established to 127.0.0.1/127.0.0.1:2181, initiating session
2019-04-27 09:15:33 上午 [Thread: main-SendThread(127.0.0.1:2181)][ Class:org.apache.zookeeper.ClientCnxn >> Method: org.apache.zookeeper.ClientCnxn$SendThread.onConnected(ClientCnxn.java:1299) ]
INFO:Session establishment complete on server 127.0.0.1/127.0.0.1:2181, sessionid = 0x100002aa24f0056, negotiated timeout = 4000
2019-04-27 09:28:44 上午 [Thread: main][ Class:org.apache.zookeeper.ZooKeeper >> Method: org.apache.zookeeper.Environment.logEnv(Environment.java:100) ]
INFO:Client environment:zookeeper.version=3.4.10-39d3a4f269333c922ed3db283be479f9deacaa0f, built on 03/23/2017 10:13 GMT
2019-04-27 09:28:44 上午 [Thread: main][ Class:org.apache.zookeeper.ZooKeeper >> Method: org.apache.zookeeper.Environment.logEnv(Environment.java:100) ]
INFO:Client environment:host.name=PC-20170605CLVS
2019-04-27 09:28:44 上午 [Thread: main][ Class:org.apache.zookeeper.ZooKeeper >> Method: org.apache.zookeeper.Environment.logEnv(Environment.java:100) ]
INFO:Client environment:java.version=1.8.0_171
2019-04-27 09:28:44 上午 [Thread: main][ Class:org.apache.zookeeper.ZooKeeper >> Method: org.apache.zookeeper.Environment.logEnv(Environment.java:100) ]
INFO:Client environment:java.vendor=Oracle Corporation
2019-04-27 09:28:44 上午 [Thread: main][ Class:org.apache.zookeeper.ZooKeeper >> Method: org.apache.zookeeper.Environment.logEnv(Environment.java:100) ]
INFO:Client environment:java.home=C:\Program Files\Java\jdk1.8.0_171\jre
2019-04-27 09:28:44 上午 [Thread: main][ Class:org.apache.zookeeper.ZooKeeper >> Method: org.apache.zookeeper.Environment.logEnv(Environment.java:100) ]
INFO:Client environment:java.class.path=E:\zc-work\learn-workspace\ZookeeperDemo\target\test-classes;E:\zc-work\learn-workspace\ZookeeperDemo\target\classes;E:\software\spring-tool-suite-3.9.7.RELEASE-e4.10.0-win32-x86_64\sts-bundle\sts-3.9.7.RELEASE\plugins\org.junit_4.12.0.v201504281640\junit.jar;E:\software\spring-tool-suite-3.9.7.RELEASE-e4.10.0-win32-x86_64\sts-bundle\sts-3.9.7.RELEASE\plugins\org.hamcrest.core_1.3.0.v20180420-1519.jar;E:\zc-work\repo\junit\junit\4.12\junit-4.12.jar;E:\zc-work\repo\org\hamcrest\hamcrest-core\1.3\hamcrest-core-1.3.jar;E:\zc-work\repo\org\apache\logging\log4j\log4j-core\2.11.1\log4j-core-2.11.1.jar;E:\zc-work\repo\org\apache\logging\log4j\log4j-api\2.11.1\log4j-api-2.11.1.jar;E:\zc-work\repo\org\apache\zookeeper\zookeeper\3.4.10\zookeeper-3.4.10.jar;E:\zc-work\repo\org\slf4j\slf4j-api\1.6.1\slf4j-api-1.6.1.jar;E:\zc-work\repo\org\slf4j\slf4j-log4j12\1.6.1\slf4j-log4j12-1.6.1.jar;E:\zc-work\repo\log4j\log4j\1.2.16\log4j-1.2.16.jar;E:\zc-work\repo\jline\jline\0.9.94\jline-0.9.94.jar;E:\zc-work\repo\io\netty\netty\3.10.5.Final\netty-3.10.5.Final.jar;E:\software\spring-tool-suite-3.9.7.RELEASE-e4.10.0-win32-x86_64\sts-bundle\sts-3.9.7.RELEASE\configuration\org.eclipse.osgi\304\0\.cp;E:\software\spring-tool-suite-3.9.7.RELEASE-e4.10.0-win32-x86_64\sts-bundle\sts-3.9.7.RELEASE\configuration\org.eclipse.osgi\303\0\.cp
2019-04-27 09:28:44 上午 [Thread: main][ Class:org.apache.zookeeper.ZooKeeper >> Method: org.apache.zookeeper.Environment.logEnv(Environment.java:100) ]
INFO:Client environment:java.library.path=C:\Program Files\Java\jdk1.8.0_171\bin;C:\Windows\Sun\Java\bin;C:\Windows\system32;C:\Windows;C:/Program Files/Java/jdk1.8.0_171/bin/../jre/bin/server;C:/Program Files/Java/jdk1.8.0_171/bin/../jre/bin;C:/Program Files/Java/jdk1.8.0_171/bin/../jre/lib/amd64;E:\resouse\mysql\bin;C:\Program Files\Java\jdk1.8.0_171\bin;C:\Program Files (x86)\Common Files\Oracle\Java\javapath;C:\Windows\system32;C:\Windows;C:\Windows\System32\Wbem;C:\Windows\System32\WindowsPowerShell\v1.0\;C:\Program Files (x86)\NVIDIA Corporation\PhysX\Common;D:\QTSystem\;D:\SVN\bin;C:\Program Files\Java\apache-maven-3.5.3\bin;E:\resouse\mysql\bin;E:\software\spring-tool-suite-3.9.7.RELEASE-e4.10.0-win32-x86_64\sts-bundle\sts-3.9.7.RELEASE;;.
2019-04-27 09:28:44 上午 [Thread: main][ Class:org.apache.zookeeper.ZooKeeper >> Method: org.apache.zookeeper.Environment.logEnv(Environment.java:100) ]
INFO:Client environment:java.io.tmpdir=C:\Users\ADMINI~1\AppData\Local\Temp\
2019-04-27 09:28:44 上午 [Thread: main][ Class:org.apache.zookeeper.ZooKeeper >> Method: org.apache.zookeeper.Environment.logEnv(Environment.java:100) ]
INFO:Client environment:java.compiler=<NA>
2019-04-27 09:28:44 上午 [Thread: main][ Class:org.apache.zookeeper.ZooKeeper >> Method: org.apache.zookeeper.Environment.logEnv(Environment.java:100) ]
INFO:Client environment:os.name=Windows 7
2019-04-27 09:28:44 上午 [Thread: main][ Class:org.apache.zookeeper.ZooKeeper >> Method: org.apache.zookeeper.Environment.logEnv(Environment.java:100) ]
INFO:Client environment:os.arch=amd64
2019-04-27 09:28:44 上午 [Thread: main][ Class:org.apache.zookeeper.ZooKeeper >> Method: org.apache.zookeeper.Environment.logEnv(Environment.java:100) ]
INFO:Client environment:os.version=6.1
2019-04-27 09:28:44 上午 [Thread: main][ Class:org.apache.zookeeper.ZooKeeper >> Method: org.apache.zookeeper.Environment.logEnv(Environment.java:100) ]
INFO:Client environment:user.name=Administrator
2019-04-27 09:28:44 上午 [Thread: main][ Class:org.apache.zookeeper.ZooKeeper >> Method: org.apache.zookeeper.Environment.logEnv(Environment.java:100) ]
INFO:Client environment:user.home=C:\Users\Administrator
2019-04-27 09:28:44 上午 [Thread: main][ Class:org.apache.zookeeper.ZooKeeper >> Method: org.apache.zookeeper.Environment.logEnv(Environment.java:100) ]
INFO:Client environment:user.dir=E:\zc-work\learn-workspace\ZookeeperDemo
2019-04-27 09:28:44 上午 [Thread: main][ Class:org.apache.zookeeper.ZooKeeper >> Method: org.apache.zookeeper.ZooKeeper.<init>(ZooKeeper.java:438) ]
INFO:Initiating client connection, connectString=127.0.0.1:2181 sessionTimeout=2000 watcher=com.zk.demo.ZkTest$1@38cccef
2019-04-27 09:28:44 上午 [Thread: main-SendThread(127.0.0.1:2181)][ Class:org.apache.zookeeper.ClientCnxn >> Method: org.apache.zookeeper.ClientCnxn$SendThread.logStartConnect(ClientCnxn.java:1032) ]
INFO:Opening socket connection to server 127.0.0.1/127.0.0.1:2181. Will not attempt to authenticate using SASL (unknown error)
2019-04-27 09:28:44 上午 [Thread: main-SendThread(127.0.0.1:2181)][ Class:org.apache.zookeeper.ClientCnxn >> Method: org.apache.zookeeper.ClientCnxn$SendThread.primeConnection(ClientCnxn.java:876) ]
INFO:Socket connection established to 127.0.0.1/127.0.0.1:2181, initiating session
2019-04-27 09:28:44 上午 [Thread: main-SendThread(127.0.0.1:2181)][ Class:org.apache.zookeeper.ClientCnxn >> Method: org.apache.zookeeper.ClientCnxn$SendThread.onConnected(ClientCnxn.java:1299) ]
INFO:Session establishment complete on server 127.0.0.1/127.0.0.1:2181, sessionid = 0x100002aa24f0057, negotiated timeout = 4000
2019-04-27 11:40:00 上午 [Thread: main][ Class:org.apache.zookeeper.ZooKeeper >> Method: org.apache.zookeeper.Environment.logEnv(Environment.java:100) ]
INFO:Client environment:zookeeper.version=3.4.10-39d3a4f269333c922ed3db283be479f9deacaa0f, built on 03/23/2017 10:13 GMT
2019-04-27 11:40:00 上午 [Thread: main][ Class:org.apache.zookeeper.ZooKeeper >> Method: org.apache.zookeeper.Environment.logEnv(Environment.java:100) ]
INFO:Client environment:host.name=PC-20170605CLVS
2019-04-27 11:40:00 上午 [Thread: main][ Class:org.apache.zookeeper.ZooKeeper >> Method: org.apache.zookeeper.Environment.logEnv(Environment.java:100) ]
INFO:Client environment:java.version=1.8.0_171
2019-04-27 11:40:00 上午 [Thread: main][ Class:org.apache.zookeeper.ZooKeeper >> Method: org.apache.zookeeper.Environment.logEnv(Environment.java:100) ]
INFO:Client environment:java.vendor=Oracle Corporation
2019-04-27 11:40:00 上午 [Thread: main][ Class:org.apache.zookeeper.ZooKeeper >> Method: org.apache.zookeeper.Environment.logEnv(Environment.java:100) ]
INFO:Client environment:java.home=C:\Program Files\Java\jdk1.8.0_171\jre
2019-04-27 11:40:00 上午 [Thread: main][ Class:org.apache.zookeeper.ZooKeeper >> Method: org.apache.zookeeper.Environment.logEnv(Environment.java:100) ]
INFO:Client environment:java.class.path=E:\zc-work\learn-workspace\ZookeeperDemo\target\test-classes;E:\zc-work\learn-workspace\ZookeeperDemo\target\classes;E:\software\spring-tool-suite-3.9.7.RELEASE-e4.10.0-win32-x86_64\sts-bundle\sts-3.9.7.RELEASE\plugins\org.junit_4.12.0.v201504281640\junit.jar;E:\software\spring-tool-suite-3.9.7.RELEASE-e4.10.0-win32-x86_64\sts-bundle\sts-3.9.7.RELEASE\plugins\org.hamcrest.core_1.3.0.v20180420-1519.jar;E:\zc-work\repo\junit\junit\4.12\junit-4.12.jar;E:\zc-work\repo\org\hamcrest\hamcrest-core\1.3\hamcrest-core-1.3.jar;E:\zc-work\repo\org\apache\logging\log4j\log4j-core\2.11.1\log4j-core-2.11.1.jar;E:\zc-work\repo\org\apache\logging\log4j\log4j-api\2.11.1\log4j-api-2.11.1.jar;E:\zc-work\repo\org\apache\zookeeper\zookeeper\3.4.10\zookeeper-3.4.10.jar;E:\zc-work\repo\org\slf4j\slf4j-api\1.6.1\slf4j-api-1.6.1.jar;E:\zc-work\repo\org\slf4j\slf4j-log4j12\1.6.1\slf4j-log4j12-1.6.1.jar;E:\zc-work\repo\log4j\log4j\1.2.16\log4j-1.2.16.jar;E:\zc-work\repo\jline\jline\0.9.94\jline-0.9.94.jar;E:\zc-work\repo\io\netty\netty\3.10.5.Final\netty-3.10.5.Final.jar;E:\software\spring-tool-suite-3.9.7.RELEASE-e4.10.0-win32-x86_64\sts-bundle\sts-3.9.7.RELEASE\configuration\org.eclipse.osgi\304\0\.cp;E:\software\spring-tool-suite-3.9.7.RELEASE-e4.10.0-win32-x86_64\sts-bundle\sts-3.9.7.RELEASE\configuration\org.eclipse.osgi\303\0\.cp
2019-04-27 11:40:00 上午 [Thread: main][ Class:org.apache.zookeeper.ZooKeeper >> Method: org.apache.zookeeper.Environment.logEnv(Environment.java:100) ]
INFO:Client environment:java.library.path=C:\Program Files\Java\jdk1.8.0_171\bin;C:\Windows\Sun\Java\bin;C:\Windows\system32;C:\Windows;C:/Program Files/Java/jdk1.8.0_171/bin/../jre/bin/server;C:/Program Files/Java/jdk1.8.0_171/bin/../jre/bin;C:/Program Files/Java/jdk1.8.0_171/bin/../jre/lib/amd64;E:\resouse\mysql\bin;C:\Program Files\Java\jdk1.8.0_171\bin;C:\Program Files (x86)\Common Files\Oracle\Java\javapath;C:\Windows\system32;C:\Windows;C:\Windows\System32\Wbem;C:\Windows\System32\WindowsPowerShell\v1.0\;C:\Program Files (x86)\NVIDIA Corporation\PhysX\Common;D:\QTSystem\;D:\SVN\bin;C:\Program Files\Java\apache-maven-3.5.3\bin;E:\resouse\mysql\bin;E:\software\spring-tool-suite-3.9.7.RELEASE-e4.10.0-win32-x86_64\sts-bundle\sts-3.9.7.RELEASE;;.
2019-04-27 11:40:00 上午 [Thread: main][ Class:org.apache.zookeeper.ZooKeeper >> Method: org.apache.zookeeper.Environment.logEnv(Environment.java:100) ]
INFO:Client environment:java.io.tmpdir=C:\Users\ADMINI~1\AppData\Local\Temp\
2019-04-27 11:40:00 上午 [Thread: main][ Class:org.apache.zookeeper.ZooKeeper >> Method: org.apache.zookeeper.Environment.logEnv(Environment.java:100) ]
INFO:Client environment:java.compiler=<NA>
2019-04-27 11:40:00 上午 [Thread: main][ Class:org.apache.zookeeper.ZooKeeper >> Method: org.apache.zookeeper.Environment.logEnv(Environment.java:100) ]
INFO:Client environment:os.name=Windows 7
2019-04-27 11:40:00 上午 [Thread: main][ Class:org.apache.zookeeper.ZooKeeper >> Method: org.apache.zookeeper.Environment.logEnv(Environment.java:100) ]
INFO:Client environment:os.arch=amd64
2019-04-27 11:40:00 上午 [Thread: main][ Class:org.apache.zookeeper.ZooKeeper >> Method: org.apache.zookeeper.Environment.logEnv(Environment.java:100) ]
INFO:Client environment:os.version=6.1
2019-04-27 11:40:00 上午 [Thread: main][ Class:org.apache.zookeeper.ZooKeeper >> Method: org.apache.zookeeper.Environment.logEnv(Environment.java:100) ]
INFO:Client environment:user.name=Administrator
2019-04-27 11:40:00 上午 [Thread: main][ Class:org.apache.zookeeper.ZooKeeper >> Method: org.apache.zookeeper.Environment.logEnv(Environment.java:100) ]
INFO:Client environment:user.home=C:\Users\Administrator
2019-04-27 11:40:00 上午 [Thread: main][ Class:org.apache.zookeeper.ZooKeeper >> Method: org.apache.zookeeper.Environment.logEnv(Environment.java:100) ]
INFO:Client environment:user.dir=E:\zc-work\learn-workspace\ZookeeperDemo
2019-04-27 11:40:00 上午 [Thread: main][ Class:org.apache.zookeeper.ZooKeeper >> Method: org.apache.zookeeper.ZooKeeper.<init>(ZooKeeper.java:438) ]
INFO:Initiating client connection, connectString=127.0.0.1:2181 sessionTimeout=2000 watcher=com.zk.demo.ZkTest$1@38cccef
2019-04-27 11:40:00 上午 [Thread: main-SendThread(127.0.0.1:2181)][ Class:org.apache.zookeeper.ClientCnxn >> Method: org.apache.zookeeper.ClientCnxn$SendThread.logStartConnect(ClientCnxn.java:1032) ]
INFO:Opening socket connection to server 127.0.0.1/127.0.0.1:2181. Will not attempt to authenticate using SASL (unknown error)
2019-04-27 11:40:00 上午 [Thread: main-SendThread(127.0.0.1:2181)][ Class:org.apache.zookeeper.ClientCnxn >> Method: org.apache.zookeeper.ClientCnxn$SendThread.primeConnection(ClientCnxn.java:876) ]
INFO:Socket connection established to 127.0.0.1/127.0.0.1:2181, initiating session
2019-04-27 11:40:00 上午 [Thread: main-SendThread(127.0.0.1:2181)][ Class:org.apache.zookeeper.ClientCnxn >> Method: org.apache.zookeeper.ClientCnxn$SendThread.onConnected(ClientCnxn.java:1299) ]
INFO:Session establishment complete on server 127.0.0.1/127.0.0.1:2181, sessionid = 0x100002aa24f005c, negotiated timeout = 4000
2019-04-27 11:49:15 上午 [Thread: main][ Class:org.apache.zookeeper.ZooKeeper >> Method: org.apache.zookeeper.Environment.logEnv(Environment.java:100) ]
INFO:Client environment:zookeeper.version=3.4.10-39d3a4f269333c922ed3db283be479f9deacaa0f, built on 03/23/2017 10:13 GMT
2019-04-27 11:49:15 上午 [Thread: main][ Class:org.apache.zookeeper.ZooKeeper >> Method: org.apache.zookeeper.Environment.logEnv(Environment.java:100) ]
INFO:Client environment:host.name=PC-20170605CLVS
2019-04-27 11:49:15 上午 [Thread: main][ Class:org.apache.zookeeper.ZooKeeper >> Method: org.apache.zookeeper.Environment.logEnv(Environment.java:100) ]
INFO:Client environment:java.version=1.8.0_171
2019-04-27 11:49:15 上午 [Thread: main][ Class:org.apache.zookeeper.ZooKeeper >> Method: org.apache.zookeeper.Environment.logEnv(Environment.java:100) ]
INFO:Client environment:java.vendor=Oracle Corporation
2019-04-27 11:49:15 上午 [Thread: main][ Class:org.apache.zookeeper.ZooKeeper >> Method: org.apache.zookeeper.Environment.logEnv(Environment.java:100) ]
INFO:Client environment:java.home=C:\Program Files\Java\jdk1.8.0_171\jre
2019-04-27 11:49:15 上午 [Thread: main][ Class:org.apache.zookeeper.ZooKeeper >> Method: org.apache.zookeeper.Environment.logEnv(Environment.java:100) ]
INFO:Client environment:java.class.path=E:\zc-work\learn-workspace\ZookeeperDemo\target\test-classes;E:\zc-work\learn-workspace\ZookeeperDemo\target\classes;E:\software\spring-tool-suite-3.9.7.RELEASE-e4.10.0-win32-x86_64\sts-bundle\sts-3.9.7.RELEASE\plugins\org.junit_4.12.0.v201504281640\junit.jar;E:\software\spring-tool-suite-3.9.7.RELEASE-e4.10.0-win32-x86_64\sts-bundle\sts-3.9.7.RELEASE\plugins\org.hamcrest.core_1.3.0.v20180420-1519.jar;E:\zc-work\repo\junit\junit\4.12\junit-4.12.jar;E:\zc-work\repo\org\hamcrest\hamcrest-core\1.3\hamcrest-core-1.3.jar;E:\zc-work\repo\org\apache\logging\log4j\log4j-core\2.11.1\log4j-core-2.11.1.jar;E:\zc-work\repo\org\apache\logging\log4j\log4j-api\2.11.1\log4j-api-2.11.1.jar;E:\zc-work\repo\org\apache\zookeeper\zookeeper\3.4.10\zookeeper-3.4.10.jar;E:\zc-work\repo\org\slf4j\slf4j-api\1.6.1\slf4j-api-1.6.1.jar;E:\zc-work\repo\org\slf4j\slf4j-log4j12\1.6.1\slf4j-log4j12-1.6.1.jar;E:\zc-work\repo\log4j\log4j\1.2.16\log4j-1.2.16.jar;E:\zc-work\repo\jline\jline\0.9.94\jline-0.9.94.jar;E:\zc-work\repo\io\netty\netty\3.10.5.Final\netty-3.10.5.Final.jar;E:\software\spring-tool-suite-3.9.7.RELEASE-e4.10.0-win32-x86_64\sts-bundle\sts-3.9.7.RELEASE\configuration\org.eclipse.osgi\304\0\.cp;E:\software\spring-tool-suite-3.9.7.RELEASE-e4.10.0-win32-x86_64\sts-bundle\sts-3.9.7.RELEASE\configuration\org.eclipse.osgi\303\0\.cp
2019-04-27 11:49:15 上午 [Thread: main][ Class:org.apache.zookeeper.ZooKeeper >> Method: org.apache.zookeeper.Environment.logEnv(Environment.java:100) ]
INFO:Client environment:java.library.path=C:\Program Files\Java\jdk1.8.0_171\bin;C:\Windows\Sun\Java\bin;C:\Windows\system32;C:\Windows;C:/Program Files/Java/jdk1.8.0_171/bin/../jre/bin/server;C:/Program Files/Java/jdk1.8.0_171/bin/../jre/bin;C:/Program Files/Java/jdk1.8.0_171/bin/../jre/lib/amd64;E:\resouse\mysql\bin;C:\Program Files\Java\jdk1.8.0_171\bin;C:\Program Files (x86)\Common Files\Oracle\Java\javapath;C:\Windows\system32;C:\Windows;C:\Windows\System32\Wbem;C:\Windows\System32\WindowsPowerShell\v1.0\;C:\Program Files (x86)\NVIDIA Corporation\PhysX\Common;D:\QTSystem\;D:\SVN\bin;C:\Program Files\Java\apache-maven-3.5.3\bin;E:\resouse\mysql\bin;E:\software\spring-tool-suite-3.9.7.RELEASE-e4.10.0-win32-x86_64\sts-bundle\sts-3.9.7.RELEASE;;.
2019-04-27 11:49:15 上午 [Thread: main][ Class:org.apache.zookeeper.ZooKeeper >> Method: org.apache.zookeeper.Environment.logEnv(Environment.java:100) ]
INFO:Client environment:java.io.tmpdir=C:\Users\ADMINI~1\AppData\Local\Temp\
2019-04-27 11:49:15 上午 [Thread: main][ Class:org.apache.zookeeper.ZooKeeper >> Method: org.apache.zookeeper.Environment.logEnv(Environment.java:100) ]
INFO:Client environment:java.compiler=<NA>
2019-04-27 11:49:15 上午 [Thread: main][ Class:org.apache.zookeeper.ZooKeeper >> Method: org.apache.zookeeper.Environment.logEnv(Environment.java:100) ]
INFO:Client environment:os.name=Windows 7
2019-04-27 11:49:15 上午 [Thread: main][ Class:org.apache.zookeeper.ZooKeeper >> Method: org.apache.zookeeper.Environment.logEnv(Environment.java:100) ]
INFO:Client environment:os.arch=amd64
2019-04-27 11:49:15 上午 [Thread: main][ Class:org.apache.zookeeper.ZooKeeper >> Method: org.apache.zookeeper.Environment.logEnv(Environment.java:100) ]
INFO:Client environment:os.version=6.1
2019-04-27 11:49:15 上午 [Thread: main][ Class:org.apache.zookeeper.ZooKeeper >> Method: org.apache.zookeeper.Environment.logEnv(Environment.java:100) ]
INFO:Client environment:user.name=Administrator
2019-04-27 11:49:15 上午 [Thread: main][ Class:org.apache.zookeeper.ZooKeeper >> Method: org.apache.zookeeper.Environment.logEnv(Environment.java:100) ]
INFO:Client environment:user.home=C:\Users\Administrator
2019-04-27 11:49:15 上午 [Thread: main][ Class:org.apache.zookeeper.ZooKeeper >> Method: org.apache.zookeeper.Environment.logEnv(Environment.java:100) ]
INFO:Client environment:user.dir=E:\zc-work\learn-workspace\ZookeeperDemo
2019-04-27 11:49:15 上午 [Thread: main][ Class:org.apache.zookeeper.ZooKeeper >> Method: org.apache.zookeeper.ZooKeeper.<init>(ZooKeeper.java:438) ]
INFO:Initiating client connection, connectString=127.0.0.1:2181 sessionTimeout=2000 watcher=com.zk.demo.ZkTest$1@4141d797
2019-04-27 11:49:15 上午 [Thread: main-SendThread(127.0.0.1:2181)][ Class:org.apache.zookeeper.ClientCnxn >> Method: org.apache.zookeeper.ClientCnxn$SendThread.logStartConnect(ClientCnxn.java:1032) ]
INFO:Opening socket connection to server 127.0.0.1/127.0.0.1:2181. Will not attempt to authenticate using SASL (unknown error)
2019-04-27 11:49:15 上午 [Thread: main-SendThread(127.0.0.1:2181)][ Class:org.apache.zookeeper.ClientCnxn >> Method: org.apache.zookeeper.ClientCnxn$SendThread.primeConnection(ClientCnxn.java:876) ]
INFO:Socket connection established to 127.0.0.1/127.0.0.1:2181, initiating session
2019-04-27 11:49:15 上午 [Thread: main-SendThread(127.0.0.1:2181)][ Class:org.apache.zookeeper.ClientCnxn >> Method: org.apache.zookeeper.ClientCnxn$SendThread.onConnected(ClientCnxn.java:1299) ]
INFO:Session establishment complete on server 127.0.0.1/127.0.0.1:2181, sessionid = 0x100002aa24f005e, negotiated timeout = 4000
2019-04-27 11:49:15 上午 [Thread: main][ Class:org.apache.zookeeper.ZooKeeper >> Method: org.apache.zookeeper.ZooKeeper.<init>(ZooKeeper.java:438) ]
INFO:Initiating client connection, connectString=127.0.0.1:2181 sessionTimeout=2000 watcher=com.zk.demo.ZkTest$1@4c203ea1
2019-04-27 11:49:15 上午 [Thread: main-SendThread(127.0.0.1:2181)][ Class:org.apache.zookeeper.ClientCnxn >> Method: org.apache.zookeeper.ClientCnxn$SendThread.logStartConnect(ClientCnxn.java:1032) ]
INFO:Opening socket connection to server 127.0.0.1/127.0.0.1:2181. Will not attempt to authenticate using SASL (unknown error)
2019-04-27 11:49:15 上午 [Thread: main-SendThread(127.0.0.1:2181)][ Class:org.apache.zookeeper.ClientCnxn >> Method: org.apache.zookeeper.ClientCnxn$SendThread.primeConnection(ClientCnxn.java:876) ]
INFO:Socket connection established to 127.0.0.1/127.0.0.1:2181, initiating session
2019-04-27 11:49:15 上午 [Thread: main-SendThread(127.0.0.1:2181)][ Class:org.apache.zookeeper.ClientCnxn >> Method: org.apache.zookeeper.ClientCnxn$SendThread.onConnected(ClientCnxn.java:1299) ]
INFO:Session establishment complete on server 127.0.0.1/127.0.0.1:2181, sessionid = 0x100002aa24f005f, negotiated timeout = 4000
2019-04-27 11:52:40 上午 [Thread: main][ Class:org.apache.zookeeper.ZooKeeper >> Method: org.apache.zookeeper.Environment.logEnv(Environment.java:100) ]
INFO:Client environment:zookeeper.version=3.4.10-39d3a4f269333c922ed3db283be479f9deacaa0f, built on 03/23/2017 10:13 GMT
2019-04-27 11:52:40 上午 [Thread: main][ Class:org.apache.zookeeper.ZooKeeper >> Method: org.apache.zookeeper.Environment.logEnv(Environment.java:100) ]
INFO:Client environment:host.name=PC-20170605CLVS
2019-04-27 11:52:40 上午 [Thread: main][ Class:org.apache.zookeeper.ZooKeeper >> Method: org.apache.zookeeper.Environment.logEnv(Environment.java:100) ]
INFO:Client environment:java.version=1.8.0_171
2019-04-27 11:52:40 上午 [Thread: main][ Class:org.apache.zookeeper.ZooKeeper >> Method: org.apache.zookeeper.Environment.logEnv(Environment.java:100) ]
INFO:Client environment:java.vendor=Oracle Corporation
2019-04-27 11:52:40 上午 [Thread: main][ Class:org.apache.zookeeper.ZooKeeper >> Method: org.apache.zookeeper.Environment.logEnv(Environment.java:100) ]
INFO:Client environment:java.home=C:\Program Files\Java\jdk1.8.0_171\jre
2019-04-27 11:52:40 上午 [Thread: main][ Class:org.apache.zookeeper.ZooKeeper >> Method: org.apache.zookeeper.Environment.logEnv(Environment.java:100) ]
INFO:Client environment:java.class.path=E:\zc-work\learn-workspace\ZookeeperDemo\target\test-classes;E:\zc-work\learn-workspace\ZookeeperDemo\target\classes;E:\software\spring-tool-suite-3.9.7.RELEASE-e4.10.0-win32-x86_64\sts-bundle\sts-3.9.7.RELEASE\plugins\org.junit_4.12.0.v201504281640\junit.jar;E:\software\spring-tool-suite-3.9.7.RELEASE-e4.10.0-win32-x86_64\sts-bundle\sts-3.9.7.RELEASE\plugins\org.hamcrest.core_1.3.0.v20180420-1519.jar;E:\zc-work\repo\junit\junit\4.12\junit-4.12.jar;E:\zc-work\repo\org\hamcrest\hamcrest-core\1.3\hamcrest-core-1.3.jar;E:\zc-work\repo\org\apache\logging\log4j\log4j-core\2.11.1\log4j-core-2.11.1.jar;E:\zc-work\repo\org\apache\logging\log4j\log4j-api\2.11.1\log4j-api-2.11.1.jar;E:\zc-work\repo\org\apache\zookeeper\zookeeper\3.4.10\zookeeper-3.4.10.jar;E:\zc-work\repo\org\slf4j\slf4j-api\1.6.1\slf4j-api-1.6.1.jar;E:\zc-work\repo\org\slf4j\slf4j-log4j12\1.6.1\slf4j-log4j12-1.6.1.jar;E:\zc-work\repo\log4j\log4j\1.2.16\log4j-1.2.16.jar;E:\zc-work\repo\jline\jline\0.9.94\jline-0.9.94.jar;E:\zc-work\repo\io\netty\netty\3.10.5.Final\netty-3.10.5.Final.jar;E:\software\spring-tool-suite-3.9.7.RELEASE-e4.10.0-win32-x86_64\sts-bundle\sts-3.9.7.RELEASE\configuration\org.eclipse.osgi\304\0\.cp;E:\software\spring-tool-suite-3.9.7.RELEASE-e4.10.0-win32-x86_64\sts-bundle\sts-3.9.7.RELEASE\configuration\org.eclipse.osgi\303\0\.cp
2019-04-27 11:52:40 上午 [Thread: main][ Class:org.apache.zookeeper.ZooKeeper >> Method: org.apache.zookeeper.Environment.logEnv(Environment.java:100) ]
INFO:Client environment:java.library.path=C:\Program Files\Java\jdk1.8.0_171\bin;C:\Windows\Sun\Java\bin;C:\Windows\system32;C:\Windows;C:/Program Files/Java/jdk1.8.0_171/bin/../jre/bin/server;C:/Program Files/Java/jdk1.8.0_171/bin/../jre/bin;C:/Program Files/Java/jdk1.8.0_171/bin/../jre/lib/amd64;E:\resouse\mysql\bin;C:\Program Files\Java\jdk1.8.0_171\bin;C:\Program Files (x86)\Common Files\Oracle\Java\javapath;C:\Windows\system32;C:\Windows;C:\Windows\System32\Wbem;C:\Windows\System32\WindowsPowerShell\v1.0\;C:\Program Files (x86)\NVIDIA Corporation\PhysX\Common;D:\QTSystem\;D:\SVN\bin;C:\Program Files\Java\apache-maven-3.5.3\bin;E:\resouse\mysql\bin;E:\software\spring-tool-suite-3.9.7.RELEASE-e4.10.0-win32-x86_64\sts-bundle\sts-3.9.7.RELEASE;;.
2019-04-27 11:52:40 上午 [Thread: main][ Class:org.apache.zookeeper.ZooKeeper >> Method: org.apache.zookeeper.Environment.logEnv(Environment.java:100) ]
INFO:Client environment:java.io.tmpdir=C:\Users\ADMINI~1\AppData\Local\Temp\
2019-04-27 11:52:40 上午 [Thread: main][ Class:org.apache.zookeeper.ZooKeeper >> Method: org.apache.zookeeper.Environment.logEnv(Environment.java:100) ]
INFO:Client environment:java.compiler=<NA>
2019-04-27 11:52:40 上午 [Thread: main][ Class:org.apache.zookeeper.ZooKeeper >> Method: org.apache.zookeeper.Environment.logEnv(Environment.java:100) ]
INFO:Client environment:os.name=Windows 7
2019-04-27 11:52:40 上午 [Thread: main][ Class:org.apache.zookeeper.ZooKeeper >> Method: org.apache.zookeeper.Environment.logEnv(Environment.java:100) ]
INFO:Client environment:os.arch=amd64
2019-04-27 11:52:40 上午 [Thread: main][ Class:org.apache.zookeeper.ZooKeeper >> Method: org.apache.zookeeper.Environment.logEnv(Environment.java:100) ]
INFO:Client environment:os.version=6.1
2019-04-27 11:52:40 上午 [Thread: main][ Class:org.apache.zookeeper.ZooKeeper >> Method: org.apache.zookeeper.Environment.logEnv(Environment.java:100) ]
INFO:Client environment:user.name=Administrator
2019-04-27 11:52:40 上午 [Thread: main][ Class:org.apache.zookeeper.ZooKeeper >> Method: org.apache.zookeeper.Environment.logEnv(Environment.java:100) ]
INFO:Client environment:user.home=C:\Users\Administrator
2019-04-27 11:52:40 上午 [Thread: main][ Class:org.apache.zookeeper.ZooKeeper >> Method: org.apache.zookeeper.Environment.logEnv(Environment.java:100) ]
INFO:Client environment:user.dir=E:\zc-work\learn-workspace\ZookeeperDemo
2019-04-27 11:52:40 上午 [Thread: main][ Class:org.apache.zookeeper.ZooKeeper >> Method: org.apache.zookeeper.ZooKeeper.<init>(ZooKeeper.java:438) ]
INFO:Initiating client connection, connectString=127.0.0.1:2181 sessionTimeout=2000 watcher=com.zk.demo.ZkTest$1@38cccef
2019-04-27 11:52:41 上午 [Thread: main-SendThread(127.0.0.1:2181)][ Class:org.apache.zookeeper.ClientCnxn >> Method: org.apache.zookeeper.ClientCnxn$SendThread.logStartConnect(ClientCnxn.java:1032) ]
INFO:Opening socket connection to server 127.0.0.1/127.0.0.1:2181. Will not attempt to authenticate using SASL (unknown error)
2019-04-27 11:52:41 上午 [Thread: main-SendThread(127.0.0.1:2181)][ Class:org.apache.zookeeper.ClientCnxn >> Method: org.apache.zookeeper.ClientCnxn$SendThread.primeConnection(ClientCnxn.java:876) ]
INFO:Socket connection established to 127.0.0.1/127.0.0.1:2181, initiating session
2019-04-27 11:52:41 上午 [Thread: main-SendThread(127.0.0.1:2181)][ Class:org.apache.zookeeper.ClientCnxn >> Method: org.apache.zookeeper.ClientCnxn$SendThread.onConnected(ClientCnxn.java:1299) ]
INFO:Session establishment complete on server 127.0.0.1/127.0.0.1:2181, sessionid = 0x100002aa24f0060, negotiated timeout = 4000
2019-04-27 11:54:41 上午 [Thread: main][ Class:org.apache.zookeeper.ZooKeeper >> Method: org.apache.zookeeper.Environment.logEnv(Environment.java:100) ]
INFO:Client environment:zookeeper.version=3.4.10-39d3a4f269333c922ed3db283be479f9deacaa0f, built on 03/23/2017 10:13 GMT
2019-04-27 11:54:41 上午 [Thread: main][ Class:org.apache.zookeeper.ZooKeeper >> Method: org.apache.zookeeper.Environment.logEnv(Environment.java:100) ]
INFO:Client environment:host.name=PC-20170605CLVS
2019-04-27 11:54:41 上午 [Thread: main][ Class:org.apache.zookeeper.ZooKeeper >> Method: org.apache.zookeeper.Environment.logEnv(Environment.java:100) ]
INFO:Client environment:java.version=1.8.0_171
2019-04-27 11:54:41 上午 [Thread: main][ Class:org.apache.zookeeper.ZooKeeper >> Method: org.apache.zookeeper.Environment.logEnv(Environment.java:100) ]
INFO:Client environment:java.vendor=Oracle Corporation
2019-04-27 11:54:41 上午 [Thread: main][ Class:org.apache.zookeeper.ZooKeeper >> Method: org.apache.zookeeper.Environment.logEnv(Environment.java:100) ]
INFO:Client environment:java.home=C:\Program Files\Java\jdk1.8.0_171\jre
2019-04-27 11:54:41 上午 [Thread: main][ Class:org.apache.zookeeper.ZooKeeper >> Method: org.apache.zookeeper.Environment.logEnv(Environment.java:100) ]
INFO:Client environment:java.class.path=E:\zc-work\learn-workspace\ZookeeperDemo\target\test-classes;E:\zc-work\learn-workspace\ZookeeperDemo\target\classes;E:\software\spring-tool-suite-3.9.7.RELEASE-e4.10.0-win32-x86_64\sts-bundle\sts-3.9.7.RELEASE\plugins\org.junit_4.12.0.v201504281640\junit.jar;E:\software\spring-tool-suite-3.9.7.RELEASE-e4.10.0-win32-x86_64\sts-bundle\sts-3.9.7.RELEASE\plugins\org.hamcrest.core_1.3.0.v20180420-1519.jar;E:\zc-work\repo\junit\junit\4.12\junit-4.12.jar;E:\zc-work\repo\org\hamcrest\hamcrest-core\1.3\hamcrest-core-1.3.jar;E:\zc-work\repo\org\apache\logging\log4j\log4j-core\2.11.1\log4j-core-2.11.1.jar;E:\zc-work\repo\org\apache\logging\log4j\log4j-api\2.11.1\log4j-api-2.11.1.jar;E:\zc-work\repo\org\apache\zookeeper\zookeeper\3.4.10\zookeeper-3.4.10.jar;E:\zc-work\repo\org\slf4j\slf4j-api\1.6.1\slf4j-api-1.6.1.jar;E:\zc-work\repo\org\slf4j\slf4j-log4j12\1.6.1\slf4j-log4j12-1.6.1.jar;E:\zc-work\repo\log4j\log4j\1.2.16\log4j-1.2.16.jar;E:\zc-work\repo\jline\jline\0.9.94\jline-0.9.94.jar;E:\zc-work\repo\io\netty\netty\3.10.5.Final\netty-3.10.5.Final.jar;E:\software\spring-tool-suite-3.9.7.RELEASE-e4.10.0-win32-x86_64\sts-bundle\sts-3.9.7.RELEASE\configuration\org.eclipse.osgi\304\0\.cp;E:\software\spring-tool-suite-3.9.7.RELEASE-e4.10.0-win32-x86_64\sts-bundle\sts-3.9.7.RELEASE\configuration\org.eclipse.osgi\303\0\.cp
2019-04-27 11:54:41 上午 [Thread: main][ Class:org.apache.zookeeper.ZooKeeper >> Method: org.apache.zookeeper.Environment.logEnv(Environment.java:100) ]
INFO:Client environment:java.library.path=C:\Program Files\Java\jdk1.8.0_171\bin;C:\Windows\Sun\Java\bin;C:\Windows\system32;C:\Windows;C:/Program Files/Java/jdk1.8.0_171/bin/../jre/bin/server;C:/Program Files/Java/jdk1.8.0_171/bin/../jre/bin;C:/Program Files/Java/jdk1.8.0_171/bin/../jre/lib/amd64;E:\resouse\mysql\bin;C:\Program Files\Java\jdk1.8.0_171\bin;C:\Program Files (x86)\Common Files\Oracle\Java\javapath;C:\Windows\system32;C:\Windows;C:\Windows\System32\Wbem;C:\Windows\System32\WindowsPowerShell\v1.0\;C:\Program Files (x86)\NVIDIA Corporation\PhysX\Common;D:\QTSystem\;D:\SVN\bin;C:\Program Files\Java\apache-maven-3.5.3\bin;E:\resouse\mysql\bin;E:\software\spring-tool-suite-3.9.7.RELEASE-e4.10.0-win32-x86_64\sts-bundle\sts-3.9.7.RELEASE;;.
2019-04-27 11:54:41 上午 [Thread: main][ Class:org.apache.zookeeper.ZooKeeper >> Method: org.apache.zookeeper.Environment.logEnv(Environment.java:100) ]
INFO:Client environment:java.io.tmpdir=C:\Users\ADMINI~1\AppData\Local\Temp\
2019-04-27 11:54:41 上午 [Thread: main][ Class:org.apache.zookeeper.ZooKeeper >> Method: org.apache.zookeeper.Environment.logEnv(Environment.java:100) ]
INFO:Client environment:java.compiler=<NA>
2019-04-27 11:54:41 上午 [Thread: main][ Class:org.apache.zookeeper.ZooKeeper >> Method: org.apache.zookeeper.Environment.logEnv(Environment.java:100) ]
INFO:Client environment:os.name=Windows 7
2019-04-27 11:54:41 上午 [Thread: main][ Class:org.apache.zookeeper.ZooKeeper >> Method: org.apache.zookeeper.Environment.logEnv(Environment.java:100) ]
INFO:Client environment:os.arch=amd64
2019-04-27 11:54:41 上午 [Thread: main][ Class:org.apache.zookeeper.ZooKeeper >> Method: org.apache.zookeeper.Environment.logEnv(Environment.java:100) ]
INFO:Client environment:os.version=6.1
2019-04-27 11:54:41 上午 [Thread: main][ Class:org.apache.zookeeper.ZooKeeper >> Method: org.apache.zookeeper.Environment.logEnv(Environment.java:100) ]
INFO:Client environment:user.name=Administrator
2019-04-27 11:54:41 上午 [Thread: main][ Class:org.apache.zookeeper.ZooKeeper >> Method: org.apache.zookeeper.Environment.logEnv(Environment.java:100) ]
INFO:Client environment:user.home=C:\Users\Administrator
2019-04-27 11:54:41 上午 [Thread: main][ Class:org.apache.zookeeper.ZooKeeper >> Method: org.apache.zookeeper.Environment.logEnv(Environment.java:100) ]
INFO:Client environment:user.dir=E:\zc-work\learn-workspace\ZookeeperDemo
2019-04-27 11:54:41 上午 [Thread: main][ Class:org.apache.zookeeper.ZooKeeper >> Method: org.apache.zookeeper.ZooKeeper.<init>(ZooKeeper.java:438) ]
INFO:Initiating client connection, connectString=127.0.0.1:2181 sessionTimeout=2000 watcher=com.zk.demo.ZkTest$1@38cccef
2019-04-27 11:54:41 上午 [Thread: main-SendThread(127.0.0.1:2181)][ Class:org.apache.zookeeper.ClientCnxn >> Method: org.apache.zookeeper.ClientCnxn$SendThread.logStartConnect(ClientCnxn.java:1032) ]
INFO:Opening socket connection to server 127.0.0.1/127.0.0.1:2181. Will not attempt to authenticate using SASL (unknown error)
2019-04-27 11:54:41 上午 [Thread: main-SendThread(127.0.0.1:2181)][ Class:org.apache.zookeeper.ClientCnxn >> Method: org.apache.zookeeper.ClientCnxn$SendThread.primeConnection(ClientCnxn.java:876) ]
INFO:Socket connection established to 127.0.0.1/127.0.0.1:2181, initiating session
2019-04-27 11:54:41 上午 [Thread: main-SendThread(127.0.0.1:2181)][ Class:org.apache.zookeeper.ClientCnxn >> Method: org.apache.zookeeper.ClientCnxn$SendThread.onConnected(ClientCnxn.java:1299) ]
INFO:Session establishment complete on server 127.0.0.1/127.0.0.1:2181, sessionid = 0x100002aa24f0061, negotiated timeout = 4000
2019-04-27 13:42:40 下午 [Thread: main][ Class:org.apache.zookeeper.ZooKeeper >> Method: org.apache.zookeeper.Environment.logEnv(Environment.java:100) ]
INFO:Client environment:zookeeper.version=3.4.10-39d3a4f269333c922ed3db283be479f9deacaa0f, built on 03/23/2017 10:13 GMT
2019-04-27 13:42:40 下午 [Thread: main][ Class:org.apache.zookeeper.ZooKeeper >> Method: org.apache.zookeeper.Environment.logEnv(Environment.java:100) ]
INFO:Client environment:host.name=PC-20170605CLVS
2019-04-27 13:42:40 下午 [Thread: main][ Class:org.apache.zookeeper.ZooKeeper >> Method: org.apache.zookeeper.Environment.logEnv(Environment.java:100) ]
INFO:Client environment:java.version=1.8.0_171
2019-04-27 13:42:40 下午 [Thread: main][ Class:org.apache.zookeeper.ZooKeeper >> Method: org.apache.zookeeper.Environment.logEnv(Environment.java:100) ]
INFO:Client environment:java.vendor=Oracle Corporation
2019-04-27 13:42:40 下午 [Thread: main][ Class:org.apache.zookeeper.ZooKeeper >> Method: org.apache.zookeeper.Environment.logEnv(Environment.java:100) ]
INFO:Client environment:java.home=C:\Program Files\Java\jdk1.8.0_171\jre
2019-04-27 13:42:40 下午 [Thread: main][ Class:org.apache.zookeeper.ZooKeeper >> Method: org.apache.zookeeper.Environment.logEnv(Environment.java:100) ]
INFO:Client environment:java.class.path=E:\zc-work\learn-workspace\ZookeeperDemo\target\test-classes;E:\zc-work\learn-workspace\ZookeeperDemo\target\classes;E:\software\spring-tool-suite-3.9.7.RELEASE-e4.10.0-win32-x86_64\sts-bundle\sts-3.9.7.RELEASE\plugins\org.junit_4.12.0.v201504281640\junit.jar;E:\software\spring-tool-suite-3.9.7.RELEASE-e4.10.0-win32-x86_64\sts-bundle\sts-3.9.7.RELEASE\plugins\org.hamcrest.core_1.3.0.v20180420-1519.jar;E:\zc-work\repo\junit\junit\4.12\junit-4.12.jar;E:\zc-work\repo\org\hamcrest\hamcrest-core\1.3\hamcrest-core-1.3.jar;E:\zc-work\repo\org\apache\logging\log4j\log4j-core\2.11.1\log4j-core-2.11.1.jar;E:\zc-work\repo\org\apache\logging\log4j\log4j-api\2.11.1\log4j-api-2.11.1.jar;E:\zc-work\repo\org\apache\zookeeper\zookeeper\3.4.10\zookeeper-3.4.10.jar;E:\zc-work\repo\org\slf4j\slf4j-api\1.6.1\slf4j-api-1.6.1.jar;E:\zc-work\repo\org\slf4j\slf4j-log4j12\1.6.1\slf4j-log4j12-1.6.1.jar;E:\zc-work\repo\log4j\log4j\1.2.16\log4j-1.2.16.jar;E:\zc-work\repo\jline\jline\0.9.94\jline-0.9.94.jar;E:\zc-work\repo\io\netty\netty\3.10.5.Final\netty-3.10.5.Final.jar;E:\software\spring-tool-suite-3.9.7.RELEASE-e4.10.0-win32-x86_64\sts-bundle\sts-3.9.7.RELEASE\configuration\org.eclipse.osgi\304\0\.cp;E:\software\spring-tool-suite-3.9.7.RELEASE-e4.10.0-win32-x86_64\sts-bundle\sts-3.9.7.RELEASE\configuration\org.eclipse.osgi\303\0\.cp
2019-04-27 13:42:40 下午 [Thread: main][ Class:org.apache.zookeeper.ZooKeeper >> Method: org.apache.zookeeper.Environment.logEnv(Environment.java:100) ]
INFO:Client environment:java.library.path=C:\Program Files\Java\jdk1.8.0_171\bin;C:\Windows\Sun\Java\bin;C:\Windows\system32;C:\Windows;C:/Program Files/Java/jdk1.8.0_171/bin/../jre/bin/server;C:/Program Files/Java/jdk1.8.0_171/bin/../jre/bin;C:/Program Files/Java/jdk1.8.0_171/bin/../jre/lib/amd64;E:\resouse\mysql\bin;C:\Program Files\Java\jdk1.8.0_171\bin;C:\Program Files (x86)\Common Files\Oracle\Java\javapath;C:\Windows\system32;C:\Windows;C:\Windows\System32\Wbem;C:\Windows\System32\WindowsPowerShell\v1.0\;C:\Program Files (x86)\NVIDIA Corporation\PhysX\Common;D:\QTSystem\;D:\SVN\bin;C:\Program Files\Java\apache-maven-3.5.3\bin;E:\resouse\mysql\bin;E:\software\spring-tool-suite-3.9.7.RELEASE-e4.10.0-win32-x86_64\sts-bundle\sts-3.9.7.RELEASE;;.
2019-04-27 13:42:40 下午 [Thread: main][ Class:org.apache.zookeeper.ZooKeeper >> Method: org.apache.zookeeper.Environment.logEnv(Environment.java:100) ]
INFO:Client environment:java.io.tmpdir=C:\Users\ADMINI~1\AppData\Local\Temp\
2019-04-27 13:42:40 下午 [Thread: main][ Class:org.apache.zookeeper.ZooKeeper >> Method: org.apache.zookeeper.Environment.logEnv(Environment.java:100) ]
INFO:Client environment:java.compiler=<NA>
2019-04-27 13:42:40 下午 [Thread: main][ Class:org.apache.zookeeper.ZooKeeper >> Method: org.apache.zookeeper.Environment.logEnv(Environment.java:100) ]
INFO:Client environment:os.name=Windows 7
2019-04-27 13:42:40 下午 [Thread: main][ Class:org.apache.zookeeper.ZooKeeper >> Method: org.apache.zookeeper.Environment.logEnv(Environment.java:100) ]
INFO:Client environment:os.arch=amd64
2019-04-27 13:42:40 下午 [Thread: main][ Class:org.apache.zookeeper.ZooKeeper >> Method: org.apache.zookeeper.Environment.logEnv(Environment.java:100) ]
INFO:Client environment:os.version=6.1
2019-04-27 13:42:40 下午 [Thread: main][ Class:org.apache.zookeeper.ZooKeeper >> Method: org.apache.zookeeper.Environment.logEnv(Environment.java:100) ]
INFO:Client environment:user.name=Administrator
2019-04-27 13:42:40 下午 [Thread: main][ Class:org.apache.zookeeper.ZooKeeper >> Method: org.apache.zookeeper.Environment.logEnv(Environment.java:100) ]
INFO:Client environment:user.home=C:\Users\Administrator
2019-04-27 13:42:40 下午 [Thread: main][ Class:org.apache.zookeeper.ZooKeeper >> Method: org.apache.zookeeper.Environment.logEnv(Environment.java:100) ]
INFO:Client environment:user.dir=E:\zc-work\learn-workspace\ZookeeperDemo
2019-04-27 13:42:40 下午 [Thread: main][ Class:org.apache.zookeeper.ZooKeeper >> Method: org.apache.zookeeper.ZooKeeper.<init>(ZooKeeper.java:438) ]
INFO:Initiating client connection, connectString=127.0.0.1:2181 sessionTimeout=2000 watcher=com.zk.demo.ZkTest$1@38cccef
2019-04-27 13:42:41 下午 [Thread: main-SendThread(127.0.0.1:2181)][ Class:org.apache.zookeeper.ClientCnxn >> Method: org.apache.zookeeper.ClientCnxn$SendThread.logStartConnect(ClientCnxn.java:1032) ]
INFO:Opening socket connection to server 127.0.0.1/127.0.0.1:2181. Will not attempt to authenticate using SASL (unknown error)
2019-04-27 13:42:41 下午 [Thread: main-SendThread(127.0.0.1:2181)][ Class:org.apache.zookeeper.ClientCnxn >> Method: org.apache.zookeeper.ClientCnxn$SendThread.primeConnection(ClientCnxn.java:876) ]
INFO:Socket connection established to 127.0.0.1/127.0.0.1:2181, initiating session
2019-04-27 13:42:41 下午 [Thread: main-SendThread(127.0.0.1:2181)][ Class:org.apache.zookeeper.ClientCnxn >> Method: org.apache.zookeeper.ClientCnxn$SendThread.onConnected(ClientCnxn.java:1299) ]
INFO:Session establishment complete on server 127.0.0.1/127.0.0.1:2181, sessionid = 0x100002aa24f0062, negotiated timeout = 4000
